[2014-10-20 10:50:31] request.ERROR: Uncaught PHP Exception Symfony\Component\HttpKernel\Exception\NotFoundHttpException: "No route found for "GET /app_prod.php"" at C:\Program Files (x86)\EasyPHP-12.0\www\E-institut 2014\vendor\symfony\symfony\src\Symfony\Component\HttpKernel\EventListener\RouterListener.php line 116 {"exception":"[object] (Symfony\\Component\\HttpKernel\\Exception\\NotFoundHttpException: No route found for \"GET /app_prod.php\" at C:\\Program Files (x86)\\EasyPHP-12.0\\www\\E-institut 2014\\vendor\\symfony\\symfony\\src\\Symfony\\Component\\HttpKernel\\EventListener\\RouterListener.php:116, Symfony\\Component\\Routing\\Exception\\ResourceNotFoundException:  at C:\\Program Files (x86)\\EasyPHP-12.0\\www\\E-institut 2014\\app\\cache\\prod\\appProdUrlMatcher.php:666)"} []
[2014-10-20 10:50:38] request.ERROR: Uncaught PHP Exception Symfony\Component\HttpKernel\Exception\NotFoundHttpException: "No route found for "GET /app_prod.php"" at C:\Program Files (x86)\EasyPHP-12.0\www\E-institut 2014\vendor\symfony\symfony\src\Symfony\Component\HttpKernel\EventListener\RouterListener.php line 116 {"exception":"[object] (Symfony\\Component\\HttpKernel\\Exception\\NotFoundHttpException: No route found for \"GET /app_prod.php\" at C:\\Program Files (x86)\\EasyPHP-12.0\\www\\E-institut 2014\\vendor\\symfony\\symfony\\src\\Symfony\\Component\\HttpKernel\\EventListener\\RouterListener.php:116, Symfony\\Component\\Routing\\Exception\\ResourceNotFoundException:  at C:\\Program Files (x86)\\EasyPHP-12.0\\www\\E-institut 2014\\app\\cache\\prod\\appProdUrlMatcher.php:666)"} []
[2014-10-20 10:53:12] event.DEBUG: Notified event "kernel.request" to listener "Symfony\Bundle\FrameworkBundle\EventListener\SessionListener::onKernelRequest". [] []
[2014-10-20 10:53:12] event.DEBUG: Notified event "kernel.request" to listener "Symfony\Component\HttpKernel\EventListener\FragmentListener::onKernelRequest". [] []
[2014-10-20 10:53:12] event.DEBUG: Notified event "kernel.request" to listener "Symfony\Component\HttpKernel\EventListener\RouterListener::onKernelRequest". [] []
[2014-10-20 10:53:12] event.DEBUG: Notified event "kernel.exception" to listener "Symfony\Component\HttpKernel\EventListener\ExceptionListener::onKernelException". [] []
[2014-10-20 10:53:12] request.ERROR: Uncaught PHP Exception Symfony\Component\HttpKernel\Exception\NotFoundHttpException: "No route found for "GET /app_prod.php"" at C:\Program Files (x86)\EasyPHP-12.0\www\E-institut 2014\vendor\symfony\symfony\src\Symfony\Component\HttpKernel\EventListener\RouterListener.php line 116 {"exception":"[object] (Symfony\\Component\\HttpKernel\\Exception\\NotFoundHttpException: No route found for \"GET /app_prod.php\" at C:\\Program Files (x86)\\EasyPHP-12.0\\www\\E-institut 2014\\vendor\\symfony\\symfony\\src\\Symfony\\Component\\HttpKernel\\EventListener\\RouterListener.php:116, Symfony\\Component\\Routing\\Exception\\ResourceNotFoundException:  at C:\\Program Files (x86)\\EasyPHP-12.0\\www\\E-institut 2014\\app\\cache\\prod\\appProdUrlMatcher.php:666)"} []
[2014-10-20 10:53:12] event.DEBUG: Notified event "kernel.request" to listener "closure". [] []
[2014-10-20 10:53:12] event.DEBUG: Notified event "kernel.request" to listener "Symfony\Bundle\FrameworkBundle\EventListener\SessionListener::onKernelRequest". [] []
[2014-10-20 10:53:12] event.DEBUG: Notified event "kernel.request" to listener "closure". [] []
[2014-10-20 10:53:12] event.DEBUG: Notified event "kernel.request" to listener "Symfony\Component\HttpKernel\EventListener\FragmentListener::onKernelRequest". [] []
[2014-10-20 10:53:12] event.DEBUG: Notified event "kernel.request" to listener "closure". [] []
[2014-10-20 10:53:12] event.DEBUG: Notified event "kernel.request" to listener "Symfony\Component\HttpKernel\EventListener\RouterListener::onKernelRequest". [] []
[2014-10-20 10:53:12] event.DEBUG: Notified event "kernel.request" to listener "closure". [] []
[2014-10-20 10:53:12] event.DEBUG: Notified event "kernel.request" to listener "Symfony\Component\HttpKernel\EventListener\LocaleListener::onKernelRequest". [] []
[2014-10-20 10:53:12] event.DEBUG: Notified event "kernel.request" to listener "closure". [] []
[2014-10-20 10:53:12] event.DEBUG: Notified event "kernel.request" to listener "Symfony\Component\Security\Http\Firewall::onKernelRequest". [] []
[2014-10-20 10:53:12] event.DEBUG: Notified event "kernel.request" to listener "closure". [] []
[2014-10-20 10:53:12] event.DEBUG: Notified event "kernel.request" to listener "Symfony\Component\HttpKernel\EventListener\ErrorsLoggerListener::injectLogger". [] []
[2014-10-20 10:53:12] event.DEBUG: Notified event "kernel.request" to listener "closure". [] []
[2014-10-20 10:53:12] event.DEBUG: Notified event "kernel.request" to listener "Symfony\Component\HttpKernel\EventListener\ErrorsLoggerListener::injectLogger". [] []
[2014-10-20 10:53:12] event.DEBUG: Notified event "kernel.controller" to listener "Sensio\Bundle\FrameworkExtraBundle\EventListener\ControllerListener::onKernelController". [] []
[2014-10-20 10:53:12] event.DEBUG: Notified event "kernel.controller" to listener "Sensio\Bundle\FrameworkExtraBundle\EventListener\ParamConverterListener::onKernelController". [] []
[2014-10-20 10:53:12] event.DEBUG: Notified event "kernel.controller" to listener "Sensio\Bundle\FrameworkExtraBundle\EventListener\TemplateListener::onKernelController". [] []
[2014-10-20 10:53:13] event.DEBUG: Notified event "kernel.request" to listener "Symfony\Bundle\FrameworkBundle\EventListener\SessionListener::onKernelRequest". [] []
[2014-10-20 10:53:13] event.DEBUG: Notified event "kernel.request" to listener "Symfony\Component\HttpKernel\EventListener\FragmentListener::onKernelRequest". [] []
[2014-10-20 10:53:13] event.DEBUG: Notified event "kernel.request" to listener "Symfony\Component\HttpKernel\EventListener\RouterListener::onKernelRequest". [] []
[2014-10-20 10:53:13] event.DEBUG: Notified event "kernel.exception" to listener "Symfony\Component\HttpKernel\EventListener\ExceptionListener::onKernelException". [] []
[2014-10-20 10:53:13] request.ERROR: Uncaught PHP Exception Symfony\Component\HttpKernel\Exception\NotFoundHttpException: "No route found for "GET /app-dev.php"" at C:\Program Files (x86)\EasyPHP-12.0\www\E-institut 2014\app\cache\prod\classes.php line 1890 {"exception":"[object] (Symfony\\Component\\HttpKernel\\Exception\\NotFoundHttpException: No route found for \"GET /app-dev.php\" at C:\\Program Files (x86)\\EasyPHP-12.0\\www\\E-institut 2014\\app\\cache\\prod\\classes.php:1890, Symfony\\Component\\Routing\\Exception\\ResourceNotFoundException:  at C:\\Program Files (x86)\\EasyPHP-12.0\\www\\E-institut 2014\\app\\cache\\prod\\appProdUrlMatcher.php:666)"} []
[2014-10-20 10:53:13] event.DEBUG: Notified event "kernel.request" to listener "closure". [] []
[2014-10-20 10:53:13] event.DEBUG: Notified event "kernel.request" to listener "Symfony\Bundle\FrameworkBundle\EventListener\SessionListener::onKernelRequest". [] []
[2014-10-20 10:53:13] event.DEBUG: Notified event "kernel.request" to listener "closure". [] []
[2014-10-20 10:53:13] event.DEBUG: Notified event "kernel.request" to listener "Symfony\Component\HttpKernel\EventListener\FragmentListener::onKernelRequest". [] []
[2014-10-20 10:53:13] event.DEBUG: Notified event "kernel.request" to listener "closure". [] []
[2014-10-20 10:53:13] event.DEBUG: Notified event "kernel.request" to listener "Symfony\Component\HttpKernel\EventListener\RouterListener::onKernelRequest". [] []
[2014-10-20 10:53:13] event.DEBUG: Notified event "kernel.request" to listener "closure". [] []
[2014-10-20 10:53:13] event.DEBUG: Notified event "kernel.request" to listener "Symfony\Component\HttpKernel\EventListener\LocaleListener::onKernelRequest". [] []
[2014-10-20 10:53:13] event.DEBUG: Notified event "kernel.request" to listener "closure". [] []
[2014-10-20 10:53:13] event.DEBUG: Notified event "kernel.request" to listener "Symfony\Component\Security\Http\Firewall::onKernelRequest". [] []
[2014-10-20 10:53:13] event.DEBUG: Notified event "kernel.request" to listener "closure". [] []
[2014-10-20 10:53:13] event.DEBUG: Notified event "kernel.request" to listener "Symfony\Component\HttpKernel\EventListener\ErrorsLoggerListener::injectLogger". [] []
[2014-10-20 10:53:13] event.DEBUG: Notified event "kernel.request" to listener "closure". [] []
[2014-10-20 10:53:13] event.DEBUG: Notified event "kernel.request" to listener "Symfony\Component\HttpKernel\EventListener\ErrorsLoggerListener::injectLogger". [] []
[2014-10-20 10:53:13] event.DEBUG: Notified event "kernel.controller" to listener "Sensio\Bundle\FrameworkExtraBundle\EventListener\ControllerListener::onKernelController". [] []
[2014-10-20 10:53:13] event.DEBUG: Notified event "kernel.controller" to listener "Sensio\Bundle\FrameworkExtraBundle\EventListener\ParamConverterListener::onKernelController". [] []
[2014-10-20 10:53:13] event.DEBUG: Notified event "kernel.controller" to listener "Sensio\Bundle\FrameworkExtraBundle\EventListener\TemplateListener::onKernelController". [] []
[2014-10-20 10:53:13] event.DEBUG: Notified event "kernel.response" to listener "Symfony\Component\HttpKernel\EventListener\ResponseListener::onKernelResponse". [] []
[2014-10-20 10:53:13] event.DEBUG: Notified event "kernel.response" to listener "Symfony\Component\Security\Http\RememberMe\ResponseListener::onKernelResponse". [] []
[2014-10-20 10:53:13] event.DEBUG: Notified event "kernel.response" to listener "Sensio\Bundle\FrameworkExtraBundle\EventListener\CacheListener::onKernelResponse". [] []
[2014-10-20 10:53:13] event.DEBUG: Notified event "kernel.response" to listener "Symfony\Component\HttpKernel\EventListener\StreamedResponseListener::onKernelResponse". [] []
[2014-10-20 10:53:13] event.DEBUG: Listener "Symfony\Component\HttpKernel\EventListener\ExceptionListener::onKernelException" stopped propagation of the event "kernel.exception". [] []
[2014-10-20 10:53:13] event.DEBUG: Notified event "kernel.response" to listener "Symfony\Component\HttpKernel\EventListener\ResponseListener::onKernelResponse". [] []
[2014-10-20 10:53:13] event.DEBUG: Notified event "kernel.response" to listener "Symfony\Component\Security\Http\RememberMe\ResponseListener::onKernelResponse". [] []
[2014-10-20 10:53:13] event.DEBUG: Notified event "kernel.response" to listener "Sensio\Bundle\FrameworkExtraBundle\EventListener\CacheListener::onKernelResponse". [] []
[2014-10-20 10:53:13] event.DEBUG: Notified event "kernel.response" to listener "Symfony\Component\HttpKernel\EventListener\StreamedResponseListener::onKernelResponse". [] []
[2014-10-20 10:53:13] event.DEBUG: Notified event "kernel.terminate" to listener "Symfony\Bundle\SwiftmailerBundle\EventListener\EmailSenderListener::onKernelTerminate". [] []
[2014-10-20 10:53:14] event.DEBUG: Notified event "kernel.response" to listener "Symfony\Component\HttpKernel\EventListener\ResponseListener::onKernelResponse". [] []
[2014-10-20 10:53:14] event.DEBUG: Notified event "kernel.response" to listener "Symfony\Component\Security\Http\RememberMe\ResponseListener::onKernelResponse". [] []
[2014-10-20 10:53:14] event.DEBUG: Notified event "kernel.response" to listener "Sensio\Bundle\FrameworkExtraBundle\EventListener\CacheListener::onKernelResponse". [] []
[2014-10-20 10:53:14] event.DEBUG: Notified event "kernel.response" to listener "Symfony\Component\HttpKernel\EventListener\StreamedResponseListener::onKernelResponse". [] []
[2014-10-20 10:53:14] event.DEBUG: Listener "Symfony\Component\HttpKernel\EventListener\ExceptionListener::onKernelException" stopped propagation of the event "kernel.exception". [] []
[2014-10-20 10:53:14] event.DEBUG: Notified event "kernel.response" to listener "Symfony\Component\HttpKernel\EventListener\ResponseListener::onKernelResponse". [] []
[2014-10-20 10:53:14] event.DEBUG: Notified event "kernel.response" to listener "Symfony\Component\Security\Http\RememberMe\ResponseListener::onKernelResponse". [] []
[2014-10-20 10:53:14] event.DEBUG: Notified event "kernel.response" to listener "Sensio\Bundle\FrameworkExtraBundle\EventListener\CacheListener::onKernelResponse". [] []
[2014-10-20 10:53:14] event.DEBUG: Notified event "kernel.response" to listener "Symfony\Component\HttpKernel\EventListener\StreamedResponseListener::onKernelResponse". [] []
[2014-10-20 10:53:14] event.DEBUG: Notified event "kernel.terminate" to listener "Symfony\Bundle\SwiftmailerBundle\EventListener\EmailSenderListener::onKernelTerminate". [] []
[2014-10-20 10:53:14] event.DEBUG: Notified event "kernel.request" to listener "Symfony\Bundle\FrameworkBundle\EventListener\SessionListener::onKernelRequest". [] []
[2014-10-20 10:53:14] event.DEBUG: Notified event "kernel.request" to listener "Symfony\Component\HttpKernel\EventListener\FragmentListener::onKernelRequest". [] []
[2014-10-20 10:53:14] event.DEBUG: Notified event "kernel.request" to listener "Symfony\Component\HttpKernel\EventListener\RouterListener::onKernelRequest". [] []
[2014-10-20 10:53:14] event.DEBUG: Notified event "kernel.exception" to listener "Symfony\Component\HttpKernel\EventListener\ExceptionListener::onKernelException". [] []
[2014-10-20 10:53:14] request.ERROR: Uncaught PHP Exception Symfony\Component\HttpKernel\Exception\NotFoundHttpException: "No route found for "GET /app-dev.php"" at C:\Program Files (x86)\EasyPHP-12.0\www\E-institut 2014\app\cache\prod\classes.php line 1890 {"exception":"[object] (Symfony\\Component\\HttpKernel\\Exception\\NotFoundHttpException: No route found for \"GET /app-dev.php\" at C:\\Program Files (x86)\\EasyPHP-12.0\\www\\E-institut 2014\\app\\cache\\prod\\classes.php:1890, Symfony\\Component\\Routing\\Exception\\ResourceNotFoundException:  at C:\\Program Files (x86)\\EasyPHP-12.0\\www\\E-institut 2014\\app\\cache\\prod\\appProdUrlMatcher.php:666)"} []
[2014-10-20 10:53:14] event.DEBUG: Notified event "kernel.request" to listener "closure". [] []
[2014-10-20 10:53:14] event.DEBUG: Notified event "kernel.request" to listener "Symfony\Bundle\FrameworkBundle\EventListener\SessionListener::onKernelRequest". [] []
[2014-10-20 10:53:14] event.DEBUG: Notified event "kernel.request" to listener "closure". [] []
[2014-10-20 10:53:14] event.DEBUG: Notified event "kernel.request" to listener "Symfony\Component\HttpKernel\EventListener\FragmentListener::onKernelRequest". [] []
[2014-10-20 10:53:14] event.DEBUG: Notified event "kernel.request" to listener "closure". [] []
[2014-10-20 10:53:14] event.DEBUG: Notified event "kernel.request" to listener "Symfony\Component\HttpKernel\EventListener\RouterListener::onKernelRequest". [] []
[2014-10-20 10:53:14] event.DEBUG: Notified event "kernel.request" to listener "closure". [] []
[2014-10-20 10:53:14] event.DEBUG: Notified event "kernel.request" to listener "Symfony\Component\HttpKernel\EventListener\LocaleListener::onKernelRequest". [] []
[2014-10-20 10:53:14] event.DEBUG: Notified event "kernel.request" to listener "closure". [] []
[2014-10-20 10:53:14] event.DEBUG: Notified event "kernel.request" to listener "Symfony\Component\Security\Http\Firewall::onKernelRequest". [] []
[2014-10-20 10:53:14] event.DEBUG: Notified event "kernel.request" to listener "closure". [] []
[2014-10-20 10:53:14] event.DEBUG: Notified event "kernel.request" to listener "Symfony\Component\HttpKernel\EventListener\ErrorsLoggerListener::injectLogger". [] []
[2014-10-20 10:53:14] event.DEBUG: Notified event "kernel.request" to listener "closure". [] []
[2014-10-20 10:53:14] event.DEBUG: Notified event "kernel.request" to listener "Symfony\Component\HttpKernel\EventListener\ErrorsLoggerListener::injectLogger". [] []
[2014-10-20 10:53:14] event.DEBUG: Notified event "kernel.controller" to listener "Sensio\Bundle\FrameworkExtraBundle\EventListener\ControllerListener::onKernelController". [] []
[2014-10-20 10:53:14] event.DEBUG: Notified event "kernel.controller" to listener "Sensio\Bundle\FrameworkExtraBundle\EventListener\ParamConverterListener::onKernelController". [] []
[2014-10-20 10:53:14] event.DEBUG: Notified event "kernel.controller" to listener "Sensio\Bundle\FrameworkExtraBundle\EventListener\TemplateListener::onKernelController". [] []
[2014-10-20 10:53:15] event.DEBUG: Notified event "kernel.response" to listener "Symfony\Component\HttpKernel\EventListener\ResponseListener::onKernelResponse". [] []
[2014-10-20 10:53:15] event.DEBUG: Notified event "kernel.response" to listener "Symfony\Component\Security\Http\RememberMe\ResponseListener::onKernelResponse". [] []
[2014-10-20 10:53:15] event.DEBUG: Notified event "kernel.response" to listener "Sensio\Bundle\FrameworkExtraBundle\EventListener\CacheListener::onKernelResponse". [] []
[2014-10-20 10:53:15] event.DEBUG: Notified event "kernel.response" to listener "Symfony\Component\HttpKernel\EventListener\StreamedResponseListener::onKernelResponse". [] []
[2014-10-20 10:53:15] event.DEBUG: Listener "Symfony\Component\HttpKernel\EventListener\ExceptionListener::onKernelException" stopped propagation of the event "kernel.exception". [] []
[2014-10-20 10:53:15] event.DEBUG: Notified event "kernel.response" to listener "Symfony\Component\HttpKernel\EventListener\ResponseListener::onKernelResponse". [] []
[2014-10-20 10:53:15] event.DEBUG: Notified event "kernel.response" to listener "Symfony\Component\Security\Http\RememberMe\ResponseListener::onKernelResponse". [] []
[2014-10-20 10:53:15] event.DEBUG: Notified event "kernel.response" to listener "Sensio\Bundle\FrameworkExtraBundle\EventListener\CacheListener::onKernelResponse". [] []
[2014-10-20 10:53:15] event.DEBUG: Notified event "kernel.response" to listener "Symfony\Component\HttpKernel\EventListener\StreamedResponseListener::onKernelResponse". [] []
[2014-10-20 10:53:15] event.DEBUG: Notified event "kernel.terminate" to listener "Symfony\Bundle\SwiftmailerBundle\EventListener\EmailSenderListener::onKernelTerminate". [] []
[2014-10-20 10:53:24] event.DEBUG: Notified event "kernel.request" to listener "Symfony\Bundle\FrameworkBundle\EventListener\SessionListener::onKernelRequest". [] []
[2014-10-20 10:53:24] event.DEBUG: Notified event "kernel.request" to listener "Symfony\Component\HttpKernel\EventListener\FragmentListener::onKernelRequest". [] []
[2014-10-20 10:53:24] event.DEBUG: Notified event "kernel.request" to listener "Symfony\Component\HttpKernel\EventListener\RouterListener::onKernelRequest". [] []
[2014-10-20 10:53:24] event.DEBUG: Notified event "kernel.exception" to listener "Symfony\Component\HttpKernel\EventListener\ExceptionListener::onKernelException". [] []
[2014-10-20 10:53:24] request.ERROR: Uncaught PHP Exception Symfony\Component\HttpKernel\Exception\NotFoundHttpException: "No route found for "GET /app_prod.php"" at C:\Program Files (x86)\EasyPHP-12.0\www\E-institut 2014\app\cache\prod\classes.php line 1890 {"exception":"[object] (Symfony\\Component\\HttpKernel\\Exception\\NotFoundHttpException: No route found for \"GET /app_prod.php\" at C:\\Program Files (x86)\\EasyPHP-12.0\\www\\E-institut 2014\\app\\cache\\prod\\classes.php:1890, Symfony\\Component\\Routing\\Exception\\ResourceNotFoundException:  at C:\\Program Files (x86)\\EasyPHP-12.0\\www\\E-institut 2014\\app\\cache\\prod\\appProdUrlMatcher.php:666)"} []
[2014-10-20 10:53:24] event.DEBUG: Notified event "kernel.request" to listener "closure". [] []
[2014-10-20 10:53:24] event.DEBUG: Notified event "kernel.request" to listener "Symfony\Bundle\FrameworkBundle\EventListener\SessionListener::onKernelRequest". [] []
[2014-10-20 10:53:24] event.DEBUG: Notified event "kernel.request" to listener "closure". [] []
[2014-10-20 10:53:24] event.DEBUG: Notified event "kernel.request" to listener "Symfony\Component\HttpKernel\EventListener\FragmentListener::onKernelRequest". [] []
[2014-10-20 10:53:24] event.DEBUG: Notified event "kernel.request" to listener "closure". [] []
[2014-10-20 10:53:24] event.DEBUG: Notified event "kernel.request" to listener "Symfony\Component\HttpKernel\EventListener\RouterListener::onKernelRequest". [] []
[2014-10-20 10:53:24] event.DEBUG: Notified event "kernel.request" to listener "closure". [] []
[2014-10-20 10:53:24] event.DEBUG: Notified event "kernel.request" to listener "Symfony\Component\HttpKernel\EventListener\LocaleListener::onKernelRequest". [] []
[2014-10-20 10:53:24] event.DEBUG: Notified event "kernel.request" to listener "closure". [] []
[2014-10-20 10:53:24] event.DEBUG: Notified event "kernel.request" to listener "Symfony\Component\Security\Http\Firewall::onKernelRequest". [] []
[2014-10-20 10:53:24] event.DEBUG: Notified event "kernel.request" to listener "closure". [] []
[2014-10-20 10:53:24] event.DEBUG: Notified event "kernel.request" to listener "Symfony\Component\HttpKernel\EventListener\ErrorsLoggerListener::injectLogger". [] []
[2014-10-20 10:53:24] event.DEBUG: Notified event "kernel.request" to listener "closure". [] []
[2014-10-20 10:53:24] event.DEBUG: Notified event "kernel.request" to listener "Symfony\Component\HttpKernel\EventListener\ErrorsLoggerListener::injectLogger". [] []
[2014-10-20 10:53:24] event.DEBUG: Notified event "kernel.controller" to listener "Sensio\Bundle\FrameworkExtraBundle\EventListener\ControllerListener::onKernelController". [] []
[2014-10-20 10:53:24] event.DEBUG: Notified event "kernel.controller" to listener "Sensio\Bundle\FrameworkExtraBundle\EventListener\ParamConverterListener::onKernelController". [] []
[2014-10-20 10:53:24] event.DEBUG: Notified event "kernel.controller" to listener "Sensio\Bundle\FrameworkExtraBundle\EventListener\TemplateListener::onKernelController". [] []
[2014-10-20 10:53:25] event.DEBUG: Notified event "kernel.response" to listener "Symfony\Component\HttpKernel\EventListener\ResponseListener::onKernelResponse". [] []
[2014-10-20 10:53:25] event.DEBUG: Notified event "kernel.response" to listener "Symfony\Component\Security\Http\RememberMe\ResponseListener::onKernelResponse". [] []
[2014-10-20 10:53:25] event.DEBUG: Notified event "kernel.response" to listener "Sensio\Bundle\FrameworkExtraBundle\EventListener\CacheListener::onKernelResponse". [] []
[2014-10-20 10:53:25] event.DEBUG: Notified event "kernel.response" to listener "Symfony\Component\HttpKernel\EventListener\StreamedResponseListener::onKernelResponse". [] []
[2014-10-20 10:53:25] event.DEBUG: Listener "Symfony\Component\HttpKernel\EventListener\ExceptionListener::onKernelException" stopped propagation of the event "kernel.exception". [] []
[2014-10-20 10:53:25] event.DEBUG: Notified event "kernel.response" to listener "Symfony\Component\HttpKernel\EventListener\ResponseListener::onKernelResponse". [] []
[2014-10-20 10:53:25] event.DEBUG: Notified event "kernel.response" to listener "Symfony\Component\Security\Http\RememberMe\ResponseListener::onKernelResponse". [] []
[2014-10-20 10:53:25] event.DEBUG: Notified event "kernel.response" to listener "Sensio\Bundle\FrameworkExtraBundle\EventListener\CacheListener::onKernelResponse". [] []
[2014-10-20 10:53:25] event.DEBUG: Notified event "kernel.response" to listener "Symfony\Component\HttpKernel\EventListener\StreamedResponseListener::onKernelResponse". [] []
[2014-10-20 10:53:25] event.DEBUG: Notified event "kernel.terminate" to listener "Symfony\Bundle\SwiftmailerBundle\EventListener\EmailSenderListener::onKernelTerminate". [] []
[2014-10-20 10:53:38] event.DEBUG: Notified event "kernel.request" to listener "Symfony\Bundle\FrameworkBundle\EventListener\SessionListener::onKernelRequest". [] []
[2014-10-20 10:53:38] event.DEBUG: Notified event "kernel.request" to listener "Symfony\Component\HttpKernel\EventListener\FragmentListener::onKernelRequest". [] []
[2014-10-20 10:53:38] event.DEBUG: Notified event "kernel.request" to listener "Symfony\Component\HttpKernel\EventListener\RouterListener::onKernelRequest". [] []
[2014-10-20 10:53:38] event.DEBUG: Notified event "kernel.exception" to listener "Symfony\Component\HttpKernel\EventListener\ExceptionListener::onKernelException". [] []
[2014-10-20 10:53:38] request.ERROR: Uncaught PHP Exception Symfony\Component\HttpKernel\Exception\NotFoundHttpException: "No route found for "GET /bundles/eieinstitut/images/old-browsers-bg/planning-bar-green-bg1.png"" at C:\Program Files (x86)\EasyPHP-12.0\www\E-institut 2014\app\cache\prod\classes.php line 1890 {"exception":"[object] (Symfony\\Component\\HttpKernel\\Exception\\NotFoundHttpException: No route found for \"GET /bundles/eieinstitut/images/old-browsers-bg/planning-bar-green-bg1.png\" at C:\\Program Files (x86)\\EasyPHP-12.0\\www\\E-institut 2014\\app\\cache\\prod\\classes.php:1890, Symfony\\Component\\Routing\\Exception\\ResourceNotFoundException:  at C:\\Program Files (x86)\\EasyPHP-12.0\\www\\E-institut 2014\\app\\cache\\prod\\appProdUrlMatcher.php:666)"} []
[2014-10-20 10:53:38] event.DEBUG: Notified event "kernel.request" to listener "closure". [] []
[2014-10-20 10:53:38] event.DEBUG: Notified event "kernel.request" to listener "Symfony\Bundle\FrameworkBundle\EventListener\SessionListener::onKernelRequest". [] []
[2014-10-20 10:53:38] event.DEBUG: Notified event "kernel.request" to listener "closure". [] []
[2014-10-20 10:53:38] event.DEBUG: Notified event "kernel.request" to listener "Symfony\Component\HttpKernel\EventListener\FragmentListener::onKernelRequest". [] []
[2014-10-20 10:53:38] event.DEBUG: Notified event "kernel.request" to listener "closure". [] []
[2014-10-20 10:53:38] event.DEBUG: Notified event "kernel.request" to listener "Symfony\Component\HttpKernel\EventListener\RouterListener::onKernelRequest". [] []
[2014-10-20 10:53:38] event.DEBUG: Notified event "kernel.request" to listener "closure". [] []
[2014-10-20 10:53:38] event.DEBUG: Notified event "kernel.request" to listener "Symfony\Component\HttpKernel\EventListener\LocaleListener::onKernelRequest". [] []
[2014-10-20 10:53:38] event.DEBUG: Notified event "kernel.request" to listener "closure". [] []
[2014-10-20 10:53:38] event.DEBUG: Notified event "kernel.request" to listener "Symfony\Component\Security\Http\Firewall::onKernelRequest". [] []
[2014-10-20 10:53:38] event.DEBUG: Notified event "kernel.request" to listener "closure". [] []
[2014-10-20 10:53:38] event.DEBUG: Notified event "kernel.request" to listener "Symfony\Component\HttpKernel\EventListener\ErrorsLoggerListener::injectLogger". [] []
[2014-10-20 10:53:38] event.DEBUG: Notified event "kernel.request" to listener "closure". [] []
[2014-10-20 10:53:38] event.DEBUG: Notified event "kernel.request" to listener "Symfony\Component\HttpKernel\EventListener\ErrorsLoggerListener::injectLogger". [] []
[2014-10-20 10:53:38] event.DEBUG: Notified event "kernel.controller" to listener "Sensio\Bundle\FrameworkExtraBundle\EventListener\ControllerListener::onKernelController". [] []
[2014-10-20 10:53:38] event.DEBUG: Notified event "kernel.controller" to listener "Sensio\Bundle\FrameworkExtraBundle\EventListener\ParamConverterListener::onKernelController". [] []
[2014-10-20 10:53:38] event.DEBUG: Notified event "kernel.controller" to listener "Sensio\Bundle\FrameworkExtraBundle\EventListener\TemplateListener::onKernelController". [] []
[2014-10-20 10:53:39] event.DEBUG: Notified event "kernel.response" to listener "Symfony\Component\HttpKernel\EventListener\ResponseListener::onKernelResponse". [] []
[2014-10-20 10:53:39] event.DEBUG: Notified event "kernel.response" to listener "Symfony\Component\Security\Http\RememberMe\ResponseListener::onKernelResponse". [] []
[2014-10-20 10:53:39] event.DEBUG: Notified event "kernel.response" to listener "Sensio\Bundle\FrameworkExtraBundle\EventListener\CacheListener::onKernelResponse". [] []
[2014-10-20 10:53:39] event.DEBUG: Notified event "kernel.response" to listener "Symfony\Component\HttpKernel\EventListener\StreamedResponseListener::onKernelResponse". [] []
[2014-10-20 10:53:39] event.DEBUG: Listener "Symfony\Component\HttpKernel\EventListener\ExceptionListener::onKernelException" stopped propagation of the event "kernel.exception". [] []
[2014-10-20 10:53:39] event.DEBUG: Notified event "kernel.response" to listener "Symfony\Component\HttpKernel\EventListener\ResponseListener::onKernelResponse". [] []
[2014-10-20 10:53:39] event.DEBUG: Notified event "kernel.response" to listener "Symfony\Component\Security\Http\RememberMe\ResponseListener::onKernelResponse". [] []
[2014-10-20 10:53:39] event.DEBUG: Notified event "kernel.response" to listener "Sensio\Bundle\FrameworkExtraBundle\EventListener\CacheListener::onKernelResponse". [] []
[2014-10-20 10:53:39] event.DEBUG: Notified event "kernel.response" to listener "Symfony\Component\HttpKernel\EventListener\StreamedResponseListener::onKernelResponse". [] []
[2014-10-20 10:53:39] event.DEBUG: Notified event "kernel.terminate" to listener "Symfony\Bundle\SwiftmailerBundle\EventListener\EmailSenderListener::onKernelTerminate". [] []
[2014-10-20 10:54:12] request.ERROR: Uncaught PHP Exception Symfony\Component\HttpKernel\Exception\NotFoundHttpException: "No route found for "GET /bundles/eieinstitut/images/old-browsers-bg/planning-bar-green-bg1.png"" at C:\Program Files (x86)\EasyPHP-12.0\www\E-institut 2014\app\cache\prod\classes.php line 1890 {"exception":"[object] (Symfony\\Component\\HttpKernel\\Exception\\NotFoundHttpException: No route found for \"GET /bundles/eieinstitut/images/old-browsers-bg/planning-bar-green-bg1.png\" at C:\\Program Files (x86)\\EasyPHP-12.0\\www\\E-institut 2014\\app\\cache\\prod\\classes.php:1890, Symfony\\Component\\Routing\\Exception\\ResourceNotFoundException:  at C:\\Program Files (x86)\\EasyPHP-12.0\\www\\E-institut 2014\\app\\cache\\prod\\appProdUrlMatcher.php:666)"} []
